[www.paybyphone.com/drivers/why-paybyphone.html]
[backblue.gif]
[fade.gif]
[index.html]
[cdn.prod.website-files.com/6333327c7fd564605ee14929/css/pbp-mastertemplate-001-86-4afe5c0dcfc23.shared.d1e54729f.min.css]
[ajax.googleapis.com/ajax/libs/webfont/1.6.26/webfont.js]
[cdn.prod.website-files.com/6333327c7fd564605ee14929/6333327c7fd5641c88e14b50_PayByPhone-Favicon-32px.png]
[cdn.prod.website-files.com/6333327c7fd564605ee14929/6333327c7fd5640e54e14b32_PayByPhone-Webclip-256px.png]
[www.google.com/recaptcha/api.js]
[cdn.weglot.com/weglot.min.js]
[cdn.jsdelivr.net/npm/@splidejs/splide@3.2.2/dist/css/splide-core.min.css]
[cdn.jsdelivr.net/npm/@finsweet/attributes-cmsfilter@1/cmsfilter.js]
[cdn.cookielaw.org/scripttemplates/otSDKStub.js]
[plausible.io/js/script.tagged-events.outbound-links.js]
[www.redditstatic.com/ads/pixel.js]
[connect.facebook.net/en_US/fbevents.js]
[static.ads-twitter.com/uwt.js]
[www.paybyphone.com/drivers/how-it-works.html]
[www.paybyphone.com/drivers/map]
[www.paybyphone.com/drivers/storiesa217]
[www.paybyphone.com/drivers/stories0cbb]
[www.paybyphone.com/drivers/stories9469]
[cdn.prod.website-files.com/6333327c7fd564605ee14929/64eeff0f717532eb460790fe_PBP_Visuel-B2C-tiny.png]
[cdn.prod.website-files.com/6333327c7fd564605ee14929/64495275119c830289b044b3_63467db794f80d2f5eba8037_iStock-531628664-tiny.png]
[cdn.prod.website-files.com/6333327c7fd564605ee14929/64495b2184b68736052ae72e_girl-with-phone-cutout-t.png]
[cdn.prod.website-files.com/6333327c7fd564605ee14929/644060fc829ff3276567dfdc_Duration-PhoneMockup.png]
[cdn.prod.website-files.com/6333327c7fd564605ee14929/6333327c7fd56429dae14bc1_shutterstock_268606745.jpg]
[cdn.prod.website-files.com/6333327c7fd564605ee14929/63b70d24fa39b141bf51dfad_Find-PArking.png]
[cdn.prod.website-files.com/6333327c7fd564605ee14929/63a5df00581f4d3fdf2f15e3_No-Need-to-Queue-for-Website.png]
[cdn.prod.website-files.com/6333327c7fd564605ee14929/63a5df008c5e5c5dd1812439_Nearby-locations-for-Website.png]
[cdn.prod.website-files.com/6333327c7fd564605ee14929/6333327c7fd564f94be14b57_stock-photo-using-mobile-phone-while-standing-in-city-1922196815 (1) (1).png]
[cdn.prod.website-files.com/6333327c7fd564605ee14929/6333327c7fd5642acee1495c_app-store-google-play-logo 3.png]
[cdn.prod.website-files.com/6333327c7fd564605ee14929/6333327c7fd5642ae1e14954_app-store-google-play-logo 4.png]
[cdn.prod.website-files.com/6333327c7fd564605ee14929/6333327c7fd5647198e14950_app-store-google-play-logo 5.png]
[cdn.prod.website-files.com/6333327c7fd564605ee14929/63a4bc51d004d05b2b7c3a80_App-Store-Button.png]
[d3e54v103j8qbb.cloudfront.net/js/jquery-3.5.1.min.dc5e7f18c8a6b2.js]
[cdn.prod.website-files.com/6333327c7fd564605ee14929/js/pbp-mastertemplate-001-86-4afe5c0dcfc23.schunk.57d5559d2f0cd9f8.js]
[cdn.prod.website-files.com/6333327c7fd564605ee14929/js/pbp-mastertemplate-001-86-4afe5c0dcfc23.schunk.590d5322cf75c81f.js]
[cdn.prod.website-files.com/6333327c7fd564605ee14929/js/pbp-mastertemplate-001-86-4afe5c0dcfc23.f7f68098.b44a688711c4a945.js]
[www.paybyphone.com/drivers/why-paybyphone.html]
[cdn.prod.website-files.com/6333327c7fd564605ee14929/css/pbp-mastertemplate-001-86-4afe5c0dcfc23.shared.d1e54729f.min.css]
[cdn.jsdelivr.net/npm/@splidejs/splide@3.2.2/dist/css/splide-core.min.css]
[cdn.jsdelivr.net/npm/@splidejs/splide@3.2.2/dist/js/splide.min.js]
[connect.facebook.net/en_US/fbevents.js]
[cdn.prod.website-files.com/6333327c7fd564605ee14929/63d027acd97db5736b964917_home_mockup_smartphone_rgb-1.png]
[cdn.prod.website-files.com/6333327c7fd564605ee14929/63d027a9fda53c7c70df887b_home_mockup_smartphone_rgb-2.png]
[cdn.prod.website-files.com/6333327c7fd564605ee14929/63d027aae7c746d7f5cfe9a7_home_mockup_smartphone_rgb-3.png]
[cdn.prod.website-files.com/6333327c7fd564605ee14929/644954b00e7cf75c1f8c5ed9_mockup-step4-T.png]
[cdn.prod.website-files.com/6333327c7fd564605ee14929/64495a8284b68707b62adf73_mockup-smartphone-store-t.png]
[cdn.prod.website-files.com/6333327c7fd564605ee14929/636a992be8103d4d97faa909_mockup_smartphone_rgb-2.png]
[cdn.prod.website-files.com/6333327c7fd564605ee14929/636a992bfd2b2c5d9281ba3e_mockup_smartphone_rgb-3.png]
[cdn.prod.website-files.com/6333327c7fd564605ee14929/636a992c66ad31cc066445e7_mockup_smartphone_rgb-4.png]
[cdn.prod.website-files.com/6333327c7fd564605ee14929/63d02a4efda53c5f5fdfb943_website-ipad-mockups-1-new.png]
[cdn.prod.website-files.com/6333327c7fd564605ee14929/63866f9c5a6f906d89957dae_website-ipad-mockups-2.png]
[cdn.prod.website-files.com/6333327c7fd564605ee14929/63866f9dcc1a049e847aeebe_website-ipad-mockups-3'.png]
[cdn.prod.website-files.com/6333327c7fd564605ee14929/63866f9c66f6f2530ef79557_website-ipad-mockups-4.png]
[cdn.prod.website-files.com/6333327c7fd564605ee14929/64495a1558a657cf618d21ae_6333327c7fd564a782e14b83_website ipad home page-t.png]
[cdn.prod.website-files.com/6333327c7fd564605ee14929/6333327c7fd564cd6de14b84_website ipad confirmation.png]
[cdn.prod.website-files.com/6333327c7fd564605ee14929/6333327c7fd5648c80e14b85_website ipad payment.png]
[cdn.prod.website-files.com/6333327c7fd564605ee14929/6333327c7fd5646fdfe14b86_website ipad account.png]
[cdn.prod.website-files.com/6333327c7fd564605ee14929/6333327c7fd5648161e14b3b_mockup_cropped-without-shadow.png]
[cdn.prod.website-files.com/6333327c7fd564605ee14929/6333327c7fd5644d09e14b26_mockup_cropped-without-shadow2.png]
[cdn.prod.website-files.com/6333327c7fd564605ee14929/6333327c7fd5643c36e14b2a_mockup_cropped-without-shadow3.png]
[cdn.prod.website-files.com/6333327c7fd564605ee14929/6333327c7fd564d532e14b31_mockup_cropped-without-shadow4.png]
[www.paybyphone.com/drivers/how-it-works.html]
[www.paybyphone.com/drivers/map.html]
[www.paybyphone.com/drivers/storiesa217.html]
[www.paybyphone.com/drivers/stories0cbb.html]
[www.paybyphone.com/drivers/stories9469.html]
[cdn.prod.website-files.com/6333327c7fd564605ee14929/6333327c7fd5642e1ce14b58_website phone mockups.png]
[www.paybyphone.com/drivers/schema.org/index.html]
[www.paybyphone.com/drivers/a.html]
[www.paybyphone.com/drivers/POST.html]
[www.paybyphone.com/drivers/b.html]
[www.paybyphone.com/drivers/d.html]
[www.paybyphone.com/signals/iwl.html]
[www.paybyphone.com/drivers/c.html]
[www.paybyphone.com/drivers/c-2.html]
[www.paybyphone.com/drivers/schema.html]
